# JRE version: OpenJDK Runtime Environment Temurin-21.0.10+7 (21.0.10+7) (build 21.0.10+7-LTS)
# Java VM: OpenJDK 64-Bit Server VM Temurin-21.0.10+7 (21.0.10+7-LTS, mixed mode, sharing, tiered, compressed oops, compressed class ptrs, parallel gc, windows-amd64)
GC Precious Log:
 CardTable entry size: 512
 CPUs: 12 total, 12 available
 Memory: 16055M
 Large Page Support: Disabled
 NUMA Support: Disabled
 Compressed Oops: Enabled (32-bit)
 Alignments: Space 512K, Generation 512K, Heap 2M
 Heap Min Capacity: 100M
 Heap Initial Capacity: 100M
 Heap Max Capacity: 2G
 Pre-touch: Disabled
 Parallel Workers: 10
Heap:
 PSYoungGen      total 6656K, used 6356K [0x00000000d5580000, 0x00000000d5e00000, 0x0000000100000000)
  eden space 5632K, 100% used [0x00000000d5580000,0x00000000d5b00000,0x00000000d5b00000)
  from space 1024K, 70% used [0x00000000d5c80000,0x00000000d5d35200,0x00000000d5d80000)
  to   space 512K, 94% used [0x00000000d5d80000,0x00000000d5df9210,0x00000000d5e00000)
 ParOldGen       total 172032K, used 172029K [0x0000000080000000, 0x000000008a800000, 0x00000000d5580000)
  object space 172032K, 99% used [0x0000000080000000,0x000000008a7ff4a0,0x000000008a800000)
 Metaspace       used 71437K, committed 73024K, reserved 1114112K
  class space    used 7387K, committed 8000K, reserved 1048576K
GC Heap History (20 events):
Event: 27.430 GC heap before
{Heap before GC invocations=221 (full 3):
 PSYoungGen      total 12288K, used 12085K [0x00000000d5580000, 0x00000000d6380000, 0x0000000100000000)
  eden space 10240K, 100% used [0x00000000d5580000,0x00000000d5f80000,0x00000000d5f80000)
  from space 2048K, 90% used [0x00000000d5f80000,0x00000000d614d628,0x00000000d6180000)
  to   space 2048K, 0% used [0x00000000d6180000,0x00000000d6180000,0x00000000d6380000)
 ParOldGen       total 161280K, used 161160K [0x0000000080000000, 0x0000000089d80000, 0x00000000d5580000)
  object space 161280K, 99% used [0x0000000080000000,0x0000000089d62020,0x0000000089d80000)
 Metaspace       used 70247K, committed 71872K, reserved 1114112K
  class space    used 7274K, committed 7936K, reserved 1048576K
}
Event: 27.435 GC heap after
{Heap after GC invocations=221 (full 3):
 PSYoungGen      total 7680K, used 2017K [0x00000000d5580000, 0x00000000d6c80000, 0x0000000100000000)
  eden space 5632K, 0% used [0x00000000d5580000,0x00000000d5580000,0x00000000d5b00000)
  from space 2048K, 98% used [0x00000000d6180000,0x00000000d6378428,0x00000000d6380000)
  to   space 6656K, 0% used [0x00000000d5b00000,0x00000000d5b00000,0x00000000d6180000)
 ParOldGen       total 164864K, used 164769K [0x0000000080000000, 0x000000008a100000, 0x00000000d5580000)
  object space 164864K, 99% used [0x0000000080000000,0x000000008a0e8448,0x000000008a100000)
 Metaspace       used 70247K, committed 71872K, reserved 1114112K
  class space    used 7274K, committed 7936K, reserved 1048576K
}
Event: 27.477 GC heap before
{Heap before GC invocations=222 (full 3):
 PSYoungGen      total 7680K, used 7649K [0x00000000d5580000, 0x00000000d6c80000, 0x0000000100000000)
  eden space 5632K, 100% used [0x00000000d5580000,0x00000000d5b00000,0x00000000d5b00000)
  from space 2048K, 98% used [0x00000000d6180000,0x00000000d6378428,0x00000000d6380000)
  to   space 6656K, 0% used [0x00000000d5b00000,0x00000000d5b00000,0x00000000d6180000)
 ParOldGen       total 164864K, used 164769K [0x0000000080000000, 0x000000008a100000, 0x00000000d5580000)
  object space 164864K, 99% used [0x0000000080000000,0x000000008a0e8448,0x000000008a100000)
 Metaspace       used 70250K, committed 71872K, reserved 1114112K
  class space    used 7274K, committed 7936K, reserved 1048576K
}
Event: 27.481 GC heap after
{Heap after GC invocations=222 (full 3):
 PSYoungGen      total 6656K, used 937K [0x00000000d5580000, 0x00000000d6200000, 0x0000000100000000)
  eden space 5632K, 0% used [0x00000000d5580000,0x00000000d5580000,0x00000000d5b00000)
  from space 1024K, 91% used [0x00000000d5b00000,0x00000000d5bea600,0x00000000d5c00000)
  to   space 3072K, 0% used [0x00000000d5f00000,0x00000000d5f00000,0x00000000d6200000)
 ParOldGen       total 166912K, used 166732K [0x0000000080000000, 0x000000008a300000, 0x00000000d5580000)
  object space 166912K, 99% used [0x0000000080000000,0x000000008a2d33e0,0x000000008a300000)
 Metaspace       used 70250K, committed 71872K, reserved 1114112K
  class space    used 7274K, committed 7936K, reserved 1048576K
}
Event: 27.546 GC heap before
{Heap before GC invocations=223 (full 3):
 PSYoungGen      total 6656K, used 6569K [0x00000000d5580000, 0x00000000d6200000, 0x0000000100000000)
  eden space 5632K, 100% used [0x00000000d5580000,0x00000000d5b00000,0x00000000d5b00000)
  from space 1024K, 91% used [0x00000000d5b00000,0x00000000d5bea600,0x00000000d5c00000)
  to   space 3072K, 0% used [0x00000000d5f00000,0x00000000d5f00000,0x00000000d6200000)
 ParOldGen       total 166912K, used 166732K [0x0000000080000000, 0x000000008a300000, 0x00000000d5580000)
  object space 166912K, 99% used [0x0000000080000000,0x000000008a2d33e0,0x000000008a300000)
 Metaspace       used 70326K, committed 71936K, reserved 1114112K
  class space    used 7276K, committed 7936K, reserved 1048576K
}
Event: 27.551 GC heap after
{Heap after GC invocations=223 (full 3):
 PSYoungGen      total 7680K, used 1816K [0x00000000d5580000, 0x00000000d6100000, 0x0000000100000000)
  eden space 5632K, 0% used [0x00000000d5580000,0x00000000d5580000,0x00000000d5b00000)
  from space 2048K, 88% used [0x00000000d5f00000,0x00000000d60c6338,0x00000000d6100000)
  to   space 2048K, 0% used [0x00000000d5d00000,0x00000000d5d00000,0x00000000d5f00000)
 ParOldGen       total 167424K, used 167263K [0x0000000080000000, 0x000000008a380000, 0x00000000d5580000)
  object space 167424K, 99% used [0x0000000080000000,0x000000008a357dd8,0x000000008a380000)
 Metaspace       used 70326K, committed 71936K, reserved 1114112K
  class space    used 7276K, committed 7936K, reserved 1048576K
}
Event: 27.594 GC heap before
{Heap before GC invocations=224 (full 3):
 PSYoungGen      total 7680K, used 7448K [0x00000000d5580000, 0x00000000d6100000, 0x0000000100000000)
  eden space 5632K, 100% used [0x00000000d5580000,0x00000000d5b00000,0x00000000d5b00000)
  from space 2048K, 88% used [0x00000000d5f00000,0x00000000d60c6338,0x00000000d6100000)
  to   space 2048K, 0% used [0x00000000d5d00000,0x00000000d5d00000,0x00000000d5f00000)
 ParOldGen       total 167424K, used 167263K [0x0000000080000000, 0x000000008a380000, 0x00000000d5580000)
  object space 167424K, 99% used [0x0000000080000000,0x000000008a357dd8,0x000000008a380000)
 Metaspace       used 70352K, committed 71936K, reserved 1114112K
  class space    used 7277K, committed 7936K, reserved 1048576K
}
Event: 27.598 GC heap after
{Heap after GC invocations=224 (full 3):
 PSYoungGen      total 6656K, used 858K [0x00000000d5580000, 0x00000000d5f80000, 0x0000000100000000)
  eden space 5632K, 0% used [0x00000000d5580000,0x00000000d5580000,0x00000000d5b00000)
  from space 1024K, 83% used [0x00000000d5d00000,0x00000000d5dd6900,0x00000000d5e00000)
  to   space 1536K, 0% used [0x00000000d5e00000,0x00000000d5e00000,0x00000000d5f80000)
 ParOldGen       total 168960K, used 168808K [0x0000000080000000, 0x000000008a500000, 0x00000000d5580000)
  object space 168960K, 99% used [0x0000000080000000,0x000000008a4da040,0x000000008a500000)
 Metaspace       used 70352K, committed 71936K, reserved 1114112K
  class space    used 7277K, committed 7936K, reserved 1048576K
}
Event: 27.689 GC heap before
{Heap before GC invocations=225 (full 3):
 PSYoungGen      total 6656K, used 6490K [0x00000000d5580000, 0x00000000d5f80000, 0x0000000100000000)
  eden space 5632K, 100% used [0x00000000d5580000,0x00000000d5b00000,0x00000000d5b00000)
  from space 1024K, 83% used [0x00000000d5d00000,0x00000000d5dd6900,0x00000000d5e00000)
  to   space 1536K, 0% used [0x00000000d5e00000,0x00000000d5e00000,0x00000000d5f80000)
 ParOldGen       total 168960K, used 168808K [0x0000000080000000, 0x000000008a500000, 0x00000000d5580000)
  object space 168960K, 99% used [0x0000000080000000,0x000000008a4da040,0x000000008a500000)
 Metaspace       used 70435K, committed 72064K, reserved 1114112K
  class space    used 7284K, committed 7936K, reserved 1048576K
}
Event: 27.691 GC heap after
{Heap after GC invocations=225 (full 3):
 PSYoungGen      total 6656K, used 699K [0x00000000d5580000, 0x00000000d5f00000, 0x0000000100000000)
  eden space 5632K, 0% used [0x00000000d5580000,0x00000000d5580000,0x00000000d5b00000)
  from space 1024K, 68% used [0x00000000d5e00000,0x00000000d5eaed90,0x00000000d5f00000)
  to   space 1024K, 0% used [0x00000000d5d00000,0x00000000d5d00000,0x00000000d5e00000)
 ParOldGen       total 169472K, used 169088K [0x0000000080000000, 0x000000008a580000, 0x00000000d5580000)
  object space 169472K, 99% used [0x0000000080000000,0x000000008a520040,0x000000008a580000)
 Metaspace       used 70435K, committed 72064K, reserved 1114112K
  class space    used 7284K, committed 7936K, reserved 1048576K
}
Event: 27.874 GC heap before
{Heap before GC invocations=226 (full 3):
 PSYoungGen      total 6656K, used 6331K [0x00000000d5580000, 0x00000000d5f00000, 0x0000000100000000)
  eden space 5632K, 100% used [0x00000000d5580000,0x00000000d5b00000,0x00000000d5b00000)
  from space 1024K, 68% used [0x00000000d5e00000,0x00000000d5eaed90,0x00000000d5f00000)
  to   space 1024K, 0% used [0x00000000d5d00000,0x00000000d5d00000,0x00000000d5e00000)
 ParOldGen       total 169472K, used 169088K [0x0000000080000000, 0x000000008a580000, 0x00000000d5580000)
  object space 169472K, 99% used [0x0000000080000000,0x000000008a520040,0x000000008a580000)
 Metaspace       used 70883K, committed 72448K, reserved 1114112K
  class space    used 7333K, committed 8000K, reserved 1048576K
}
Event: 27.877 GC heap after
{Heap after GC invocations=226 (full 3):
 PSYoungGen      total 6656K, used 864K [0x00000000d5580000, 0x00000000d5e80000, 0x0000000100000000)
  eden space 5632K, 0% used [0x00000000d5580000,0x00000000d5580000,0x00000000d5b00000)
  from space 1024K, 84% used [0x00000000d5d00000,0x00000000d5dd8000,0x00000000d5e00000)
  to   space 512K, 0% used [0x00000000d5e00000,0x00000000d5e00000,0x00000000d5e80000)
 ParOldGen       total 169984K, used 169667K [0x0000000080000000, 0x000000008a600000, 0x00000000d5580000)
  object space 169984K, 99% used [0x0000000080000000,0x000000008a5b0f50,0x000000008a600000)
 Metaspace       used 70883K, committed 72448K, reserved 1114112K
  class space    used 7333K, committed 8000K, reserved 1048576K
}
Event: 28.056 GC heap before
{Heap before GC invocations=227 (full 3):
 PSYoungGen      total 6656K, used 6496K [0x00000000d5580000, 0x00000000d5e80000, 0x0000000100000000)
  eden space 5632K, 100% used [0x00000000d5580000,0x00000000d5b00000,0x00000000d5b00000)
  from space 1024K, 84% used [0x00000000d5d00000,0x00000000d5dd8000,0x00000000d5e00000)
  to   space 512K, 0% used [0x00000000d5e00000,0x00000000d5e00000,0x00000000d5e80000)
 ParOldGen       total 169984K, used 169667K [0x0000000080000000, 0x000000008a600000, 0x00000000d5580000)
  object space 169984K, 99% used [0x0000000080000000,0x000000008a5b0f50,0x000000008a600000)
 Metaspace       used 70956K, committed 72576K, reserved 1114112K
  class space    used 7333K, committed 8000K, reserved 1048576K
}
Event: 28.059 GC heap after
{Heap after GC invocations=227 (full 3):
 PSYoungGen      total 6144K, used 510K [0x00000000d5580000, 0x00000000d5f00000, 0x0000000100000000)
  eden space 5632K, 0% used [0x00000000d5580000,0x00000000d5580000,0x00000000d5b00000)
  from space 512K, 99% used [0x00000000d5e00000,0x00000000d5e7fb10,0x00000000d5e80000)
  to   space 2048K, 0% used [0x00000000d5b00000,0x00000000d5b00000,0x00000000d5d00000)
 ParOldGen       total 171008K, used 170775K [0x0000000080000000, 0x000000008a700000, 0x00000000d5580000)
  object space 171008K, 99% used [0x0000000080000000,0x000000008a6c5e90,0x000000008a700000)
 Metaspace       used 70956K, committed 72576K, reserved 1114112K
  class space    used 7333K, committed 8000K, reserved 1048576K
}
Event: 28.145 GC heap before
{Heap before GC invocations=228 (full 3):
 PSYoungGen      total 6144K, used 6142K [0x00000000d5580000, 0x00000000d5f00000, 0x0000000100000000)
  eden space 5632K, 100% used [0x00000000d5580000,0x00000000d5b00000,0x00000000d5b00000)
  from space 512K, 99% used [0x00000000d5e00000,0x00000000d5e7fb10,0x00000000d5e80000)
  to   space 2048K, 0% used [0x00000000d5b00000,0x00000000d5b00000,0x00000000d5d00000)
 ParOldGen       total 171008K, used 170775K [0x0000000080000000, 0x000000008a700000, 0x00000000d5580000)
  object space 171008K, 99% used [0x0000000080000000,0x000000008a6c5e90,0x000000008a700000)
 Metaspace       used 71180K, committed 72768K, reserved 1114112K
  class space    used 7347K, committed 8000K, reserved 1048576K
}
Event: 28.147 GC heap after
{Heap after GC invocations=228 (full 3):
 PSYoungGen      total 7680K, used 666K [0x00000000d5580000, 0x00000000d5e80000, 0x0000000100000000)
  eden space 5632K, 0% used [0x00000000d5580000,0x00000000d5580000,0x00000000d5b00000)
  from space 2048K, 32% used [0x00000000d5b00000,0x00000000d5ba6900,0x00000000d5d00000)
  to   space 1024K, 0% used [0x00000000d5d80000,0x00000000d5d80000,0x00000000d5e80000)
 ParOldGen       total 171520K, used 171248K [0x0000000080000000, 0x000000008a780000, 0x00000000d5580000)
  object space 171520K, 99% used [0x0000000080000000,0x000000008a73c2a0,0x000000008a780000)
 Metaspace       used 71180K, committed 72768K, reserved 1114112K
  class space    used 7347K, committed 8000K, reserved 1048576K
}
Event: 28.179 GC heap before
{Heap before GC invocations=229 (full 3):
 PSYoungGen      total 7680K, used 6298K [0x00000000d5580000, 0x00000000d5e80000, 0x0000000100000000)
  eden space 5632K, 100% used [0x00000000d5580000,0x00000000d5b00000,0x00000000d5b00000)
  from space 2048K, 32% used [0x00000000d5b00000,0x00000000d5ba6900,0x00000000d5d00000)
  to   space 1024K, 0% used [0x00000000d5d80000,0x00000000d5d80000,0x00000000d5e80000)
 ParOldGen       total 171520K, used 171248K [0x0000000080000000, 0x000000008a780000, 0x00000000d5580000)
  object space 171520K, 99% used [0x0000000080000000,0x000000008a73c2a0,0x000000008a780000)
 Metaspace       used 71249K, committed 72768K, reserved 1114112K
  class space    used 7362K, committed 8000K, reserved 1048576K
}
Event: 28.182 GC heap after
{Heap after GC invocations=229 (full 3):
 PSYoungGen      total 6656K, used 640K [0x00000000d5580000, 0x00000000d5e80000, 0x0000000100000000)
  eden space 5632K, 0% used [0x00000000d5580000,0x00000000d5580000,0x00000000d5b00000)
  from space 1024K, 62% used [0x00000000d5d80000,0x00000000d5e20000,0x00000000d5e80000)
  to   space 1024K, 0% used [0x00000000d5c80000,0x00000000d5c80000,0x00000000d5d80000)
 ParOldGen       total 172032K, used 171746K [0x0000000080000000, 0x000000008a800000, 0x00000000d5580000)
  object space 172032K, 99% used [0x0000000080000000,0x000000008a7b8ba0,0x000000008a800000)
 Metaspace       used 71249K, committed 72768K, reserved 1114112K
  class space    used 7362K, committed 8000K, reserved 1048576K
}
Event: 28.243 GC heap before
{Heap before GC invocations=230 (full 3):
 PSYoungGen      total 6656K, used 6272K [0x00000000d5580000, 0x00000000d5e80000, 0x0000000100000000)
  eden space 5632K, 100% used [0x00000000d5580000,0x00000000d5b00000,0x00000000d5b00000)
  from space 1024K, 62% used [0x00000000d5d80000,0x00000000d5e20000,0x00000000d5e80000)
  to   space 1024K, 0% used [0x00000000d5c80000,0x00000000d5c80000,0x00000000d5d80000)
 ParOldGen       total 172032K, used 171746K [0x0000000080000000, 0x000000008a800000, 0x00000000d5580000)
  object space 172032K, 99% used [0x0000000080000000,0x000000008a7b8ba0,0x000000008a800000)
 Metaspace       used 71346K, committed 72896K, reserved 1114112K
  class space    used 7375K, committed 8000K, reserved 1048576K
}
Event: 28.245 GC heap after
{Heap after GC invocations=230 (full 3):
 PSYoungGen      total 6656K, used 724K [0x00000000d5580000, 0x00000000d5e00000, 0x0000000100000000)
  eden space 5632K, 0% used [0x00000000d5580000,0x00000000d5580000,0x00000000d5b00000)
  from space 1024K, 70% used [0x00000000d5c80000,0x00000000d5d35200,0x00000000d5d80000)
  to   space 512K, 0% used [0x00000000d5d80000,0x00000000d5d80000,0x00000000d5e00000)
 ParOldGen       total 172032K, used 171853K [0x0000000080000000, 0x000000008a800000, 0x00000000d5580000)
  object space 172032K, 99% used [0x0000000080000000,0x000000008a7d34a0,0x000000008a800000)
 Metaspace       used 71346K, committed 72896K, reserved 1114112K
  class space    used 7375K, committed 8000K, reserved 1048576K
}

